<?xml version="1.0" encoding="UTF-8"?>
<!-- Generated by org.testng.reporters.JUnitReportReporter -->
<testsuite hostname="DAKSHIT-HP" failures="0" tests="1" name="ShoppingOnline.Tests.E_CommerceSoftcopyTest" time="45.313" errors="0" timestamp="2025-06-30T18:10:33 IST" skipped="0">
  <testcase classname="ShoppingOnline.Tests.E_CommerceSoftcopyTest" name="E_CommerceSoftcop" time="45.313"/>
  <system-out/>
</testsuite> <!-- ShoppingOnline.Tests.E_CommerceSoftcopyTest -->
