<?xml version="1.0" encoding="UTF-8"?>
<!-- Generated by org.testng.reporters.JUnitReportReporter -->
<testsuite hostname="DAKSHIT-HP" failures="0" tests="2" name="ShoppingOnline.ValidateLoginPage" time="26.702" errors="0" timestamp="2025-05-11T13:46:36 IST" skipped="0">
  <testcase classname="ShoppingOnline.ValidateLoginPage" name="validLogin" time="17.030"/>
  <system-out/>
  <testcase classname="ShoppingOnline.ValidateLoginPage" name="InvalidLogin" time="9.672"/>
  <system-out/>
</testsuite> <!-- ShoppingOnline.ValidateLoginPage -->
