<?xml version="1.0" encoding="UTF-8"?>
<!-- Generated by org.testng.reporters.JUnitReportReporter -->
<testsuite hostname="DAKSHIT-HP" failures="0" tests="1" name="ShoppingOnline.ValidateAddCartTest" time="15.167" errors="0" timestamp="2025-05-14T15:00:38 IST" skipped="0">
  <testcase classname="ShoppingOnline.ValidateAddCartTest" name="testClickAddToCart" time="15.167"/>
  <system-out/>
</testsuite> <!-- ShoppingOnline.ValidateAddCartTest -->
