<?xml version="1.0" encoding="UTF-8"?>
<!-- Generated by org.testng.reporters.JUnitReportReporter -->
<testsuite hostname="DAKSHIT-HP" failures="0" tests="1" name="ShoppingOnline.E_CommerceSoftcopyTest" time="30.037" errors="0" timestamp="2025-05-14T15:26:36 IST" skipped="0">
  <testcase classname="ShoppingOnline.E_CommerceSoftcopyTest" name="E_CommerceSoftcop" time="30.037"/>
  <system-out/>
</testsuite> <!-- ShoppingOnline.E_CommerceSoftcopyTest -->
