<?xml version="1.0" encoding="UTF-8"?>
<!-- Generated by org.testng.reporters.JUnitReportReporter -->
<testsuite hostname="DAKSHIT-HP" failures="0" tests="1" name="ShoppingOnline.ValidateSearchResultTest" time="11.579" errors="0" timestamp="2025-05-14T14:59:41 IST" skipped="0">
  <testcase classname="ShoppingOnline.ValidateSearchResultTest" name="ValidateSearchResult" time="11.579"/>
  <system-out/>
</testsuite> <!-- ShoppingOnline.ValidateSearchResultTest -->
