<?xml version="1.0" encoding="UTF-8"?>
<!-- Generated by org.testng.reporters.JUnitReportReporter -->
<testsuite hostname="DAKSHIT-HP" failures="0" tests="1" name="ShoppingOnline.ValidateSignOutTest" time="13.046" errors="0" timestamp="2025-05-14T15:00:13 IST" skipped="0">
  <testcase classname="ShoppingOnline.ValidateSignOutTest" name="ValidateSignOut" time="13.046"/>
  <system-out/>
</testsuite> <!-- ShoppingOnline.ValidateSignOutTest -->
