<?xml version="1.0" encoding="UTF-8"?>
<!-- Generated by org.testng.reporters.JUnitReportReporter -->
<testsuite hostname="DAKSHIT-HP" failures="0" tests="1" name="ShoppingOnline.ValidateLoginTest" time="12.078" errors="0" timestamp="2025-05-14T15:29:49 IST" skipped="0">
  <testcase classname="ShoppingOnline.ValidateLoginTest" name="validLogin" time="12.078"/>
  <system-out/>
</testsuite> <!-- ShoppingOnline.ValidateLoginTest -->
