<?xml version="1.0" encoding="UTF-8"?>
<!-- Generated by org.testng.reporters.JUnitReportReporter -->
<testsuite hostname="DAKSHIT-HP" failures="0" tests="1" name="ShoppingOnline.Tests.ValidateSearchResultTest" time="8.670" errors="0" timestamp="2025-06-30T18:23:47 IST" skipped="0">
  <testcase classname="ShoppingOnline.Tests.ValidateSearchResultTest" name="ValidateSearchResult" time="8.670"/>
  <system-out/>
</testsuite> <!-- ShoppingOnline.Tests.ValidateSearchResultTest -->
